#
# There is insufficient memory for the Java Runtime Environment to continue.
# Native memory allocation (malloc) failed to allocate 1417456 bytes for Chunk::new
# Possible reasons:
#   The system is out of physical RAM or swap space
#   The process is running with CompressedOops enabled, and the Java Heap may be blocking the growth of the native heap
# Possible solutions:
#   Reduce memory load on the system
#   Increase physical memory or swap space
#   Check if swap backing store is full
#   Decrease Java heap size (-Xmx/-Xms)
#   Decrease number of Java threads
#   Decrease Java thread stack sizes (-Xss)
#   Set larger code cache with -XX:ReservedCodeCacheSize=
#   JVM is running with Unscaled Compressed Oops mode in which the Java heap is
#     placed in the first 4GB address space. The Java Heap base address is the
#     maximum limit for the native heap growth. Please use -XX:HeapBaseMinAddress
#     to set the Java Heap base and to place the Java Heap above 4GB virtual address.
# This output file may be truncated or incomplete.
#
#  Out of Memory Error (allocation.cpp:389), pid=11860, tid=0x0000000000002ddc
#
# JRE version: OpenJDK Runtime Environment (8.0_202-b03) (build 1.8.0_202-release-1483-b03)
# Java VM: OpenJDK 64-Bit Server VM (25.202-b03 mixed mode windows-amd64 compressed oops)
# Failed to write core dump. Minidumps are not enabled by default on client versions of Windows
#

---------------  T H R E A D  ---------------

Current thread (0x000000001670a800):  JavaThread "C2 CompilerThread0" daemon [_thread_in_native, id=11740, stack(0x0000000017d80000,0x0000000017e80000)]

Stack: [0x0000000017d80000,0x0000000017e80000]
[error occurred during error reporting (printing stack bounds), id 0xc0000005]

Native frames: (J=compiled Java code, j=interpreted, Vv=VM code, C=native code)


Current CompileTask:
C2:  14909 6978   !   4       java.nio.file.FileTreeWalker::visit (204 bytes)


---------------  P R O C E S S  ---------------

Java Threads: ( => current thread )
  0x000000001cb62000 JavaThread "Cache worker for execution history cache (C:\Users\ASUS\AndroidStudioProjects\Pasolle\.gradle\5.4.1\executionHistory)" [_thread_blocked, id=12064, stack(0x0000000023d60000,0x0000000023e60000)]
  0x000000001cb5e000 JavaThread "Execution worker for ':' Thread 3" [_thread_blocked, id=11060, stack(0x0000000023c60000,0x0000000023d60000)]
  0x000000001cb5d800 JavaThread "Execution worker for ':' Thread 2" [_thread_blocked, id=11744, stack(0x0000000023b60000,0x0000000023c60000)]
  0x000000001cb56000 JavaThread "Execution worker for ':'" [_thread_blocked, id=5568, stack(0x00000000223a0000,0x00000000224a0000)]
  0x000000001cb5c800 JavaThread "Cache worker for file content cache (C:\Users\ASUS\AndroidStudioProjects\Pasolle\.gradle\5.4.1\fileContent)" [_thread_blocked, id=1932, stack(0x00000000220a0000,0x00000000221a0000)]
  0x000000001cb5c000 JavaThread "Cache worker for file content cache (C:\Users\ASUS\.gradle\caches\5.4.1\fileContent)" [_thread_blocked, id=7412, stack(0x0000000021fa0000,0x00000000220a0000)]
  0x000000001cb59000 JavaThread "Memory manager" [_thread_blocked, id=11736, stack(0x00000000215e0000,0x00000000216e0000)]
  0x000000001cb5a800 JavaThread "Cache worker for Build Output Cleanup Cache (C:\Users\ASUS\AndroidStudioProjects\Pasolle\.gradle\buildOutputCleanup)" [_thread_blocked, id=5904, stack(0x0000000020ec0000,0x0000000020fc0000)]
  0x000000001cb57800 JavaThread "Build operations Thread 4" [_thread_blocked, id=2592, stack(0x00000000212e0000,0x00000000213e0000)]
  0x000000001cb59800 JavaThread "Build operations Thread 3" [_thread_blocked, id=4860, stack(0x00000000211e0000,0x00000000212e0000)]
  0x000000001cb53800 JavaThread "Build operations Thread 2" [_thread_blocked, id=7820, stack(0x00000000210e0000,0x00000000211e0000)]
  0x000000001cb55000 JavaThread "Build operations" [_thread_blocked, id=6940, stack(0x0000000020fe0000,0x00000000210e0000)]
  0x000000001cb56800 JavaThread "Cache worker for execution history cache (C:\Users\ASUS\.gradle\caches\5.4.1\executionHistory)" [_thread_in_Java, id=2184, stack(0x0000000020760000,0x0000000020860000)]
  0x000000001cb58000 JavaThread "Cache worker for cache directory md-rule (C:\Users\ASUS\.gradle\caches\5.4.1\md-rule)" [_thread_blocked, id=5824, stack(0x0000000020660000,0x0000000020760000)]
  0x0000000019576000 JavaThread "Cache worker for cache directory md-supplier (C:\Users\ASUS\.gradle\caches\5.4.1\md-supplier)" [_thread_blocked, id=7420, stack(0x000000001f110000,0x000000001f210000)]
  0x0000000019573800 JavaThread "Cache worker for file hash cache (C:\Users\ASUS\AndroidStudioProjects\Pasolle\.gradle\5.4.1\fileHashes)" [_thread_blocked, id=8224, stack(0x000000001c5a0000,0x000000001c6a0000)]
  0x0000000019577800 JavaThread "Cache worker for journal cache (C:\Users\ASUS\.gradle\caches\journal-1)" [_thread_in_Java, id=11084, stack(0x000000001b2d0000,0x000000001b3d0000)]
  0x0000000019579000 JavaThread "File lock request listener" [_thread_in_native, id=9164, stack(0x000000001b1d0000,0x000000001b2d0000)]
  0x0000000019578000 JavaThread "Cache worker for file hash cache (C:\Users\ASUS\.gradle\caches\5.4.1\fileHashes)" [_thread_blocked, id=8824, stack(0x000000001b0d0000,0x000000001b1d0000)]
  0x000000001966b000 JavaThread "Thread-9" [_thread_blocked, id=10288, stack(0x000000001afd0000,0x000000001b0d0000)]
  0x0000000018458800 JavaThread "Stdin handler" [_thread_blocked, id=11512, stack(0x000000001aed0000,0x000000001afd0000)]
  0x0000000018457800 JavaThread "Asynchronous log dispatcher for DefaultDaemonConnection: socket connection from /127.0.0.1:50175 to /127.0.0.1:50176" [_thread_in_native, id=5932, stack(0x000000001add0000,0x000000001aed0000)]
  0x00000000182b5800 JavaThread "Daemon worker" [_thread_in_native, id=932, stack(0x000000001acd0000,0x000000001add0000)]
  0x0000000019a4d800 JavaThread "Cancel handler" [_thread_blocked, id=12024, stack(0x000000001abd0000,0x000000001acd0000)]
  0x000000001813a000 JavaThread "Handler for socket connection from /127.0.0.1:50175 to /127.0.0.1:50176" [_thread_in_native, id=8984, stack(0x000000001a8d0000,0x000000001a9d0000)]
  0x000000001813e800 JavaThread "Daemon" [_thread_blocked, id=7696, stack(0x000000001a7d0000,0x000000001a8d0000)]
  0x0000000018846800 JavaThread "Daemon periodic checks" [_thread_blocked, id=1152, stack(0x000000001a6d0000,0x000000001a7d0000)]
  0x000000001880f000 JavaThread "Incoming local TCP Connector on port 50175" [_thread_in_native, id=11472, stack(0x000000001a490000,0x000000001a590000)]
  0x0000000019484800 JavaThread "Daemon health stats" [_thread_blocked, id=7584, stack(0x0000000019e50000,0x0000000019f50000)]
  0x00000000180a1800 JavaThread "Service Thread" daemon [_thread_blocked, id=2532, stack(0x0000000018480000,0x0000000018580000)]
  0x000000001672f800 JavaThread "C1 CompilerThread2" daemon [_thread_in_vm, id=10964, stack(0x0000000017f80000,0x0000000018080000)]
  0x000000001670f800 JavaThread "C2 CompilerThread1" daemon [_thread_in_native, id=4784, stack(0x0000000017e80000,0x0000000017f80000)]
=>0x000000001670a800 JavaThread "C2 CompilerThread0" daemon [_thread_in_native, id=11740, stack(0x0000000017d80000,0x0000000017e80000)]
  0x0000000016709800 JavaThread "Attach Listener" daemon [_thread_blocked, id=2600, stack(0x0000000017c80000,0x0000000017d80000)]
  0x0000000016708000 JavaThread "Signal Dispatcher" daemon [_thread_blocked, id=4308, stack(0x0000000017b80000,0x0000000017c80000)]
  0x0000000002d9b000 JavaThread "Finalizer" daemon [_thread_blocked, id=8784, stack(0x0000000017970000,0x0000000017a70000)]
  0x00000000166f9000 JavaThread "Reference Handler" daemon [_thread_blocked, id=1840, stack(0x0000000017870000,0x0000000017970000)]
  0x0000000000ead800 JavaThread "main" [_thread_blocked, id=6464, stack(0x00000000013a0000,0x00000000014a0000)]

Other Threads:
  0x00000000166d6800 VMThread [stack: 0x0000000017770000,0x0000000017870000] [id=11616]
  0x000000001676b800 WatcherThread [stack: 0x0000000018580000,0x0000000018680000] [id=11524]

VM state:not at safepoint (normal execution)

VM Mutex/Monitor currently owned by a thread: None

heap address: 0x00000000a0000000, size: 1536 MB, Compressed Oops mode: 32-bit
Narrow klass base: 0x0000000000000000, Narrow klass shift: 3
Compressed class space size: 1073741824 Address: 0x0000000100000000

Heap:
 PSYoungGen      total 173056K, used 144351K [0x00000000e0000000, 0x00000000ece00000, 0x0000000100000000)
  eden space 157184K, 91% used [0x00000000e0000000,0x00000000e8cf7ec0,0x00000000e9980000)
  from space 15872K, 0% used [0x00000000ea880000,0x00000000ea880000,0x00000000eb800000)
  to   space 15360K, 0% used [0x00000000e9980000,0x00000000e9980000,0x00000000ea880000)
 ParOldGen       total 93184K, used 30702K [0x00000000a0000000, 0x00000000a5b00000, 0x00000000e0000000)
  object space 93184K, 32% used [0x00000000a0000000,0x00000000a1dfba98,0x00000000a5b00000)
 Metaspace       used 59908K, capacity 61768K, committed 61848K, reserved 1101824K
  class space    used 8115K, capacity 8539K, committed 8616K, reserved 1048576K

Card table byte_map: [0x0000000012160000,0x0000000012470000] byte_map_base: 0x0000000011c60000

Marking Bits: (ParMarkBitMap*) 0x0000000057039f30
 Begin Bits: [0x0000000012a70000, 0x0000000014270000)
 End Bits:   [0x0000000014270000, 0x0000000015a70000)

Polling page: 0x0000000000e90000

CodeCache: size=245760Kb used=19782Kb max_used=19782Kb free=225977Kb
 bounds [0x0000000002da0000, 0x0000000004110000, 0x0000000011da0000]
 total_blobs=7200 nmethods=6407 adapters=706
 compilation: enabled

Compilation events (10 events):
Event: 14.898 Thread 0x000000001672f800 nmethod 7170 0x00000000040f2450 code [0x00000000040f27c0, 0x00000000040f4848]
Event: 14.898 Thread 0x000000001672f800 7171       3       org.gradle.internal.execution.steps.ResolveCachingStateStep$1::getBeforeExecutionState (10 bytes)
Event: 14.899 Thread 0x000000001672f800 nmethod 7171 0x00000000040f5b90 code [0x00000000040f5d00, 0x00000000040f5f28]
Event: 14.899 Thread 0x000000001672f800 7172       3       org.gradle.internal.execution.steps.ResolveCachingStateStep$1::getRebuildReason (10 bytes)
Event: 14.899 Thread 0x000000001672f800 nmethod 7172 0x00000000040f5fd0 code [0x00000000040f6140, 0x00000000040f6368]
Event: 14.899 Thread 0x000000001672f800 7173       3       org.gradle.internal.execution.steps.ResolveChangesStep::lambda$execute$4 (31 bytes)
Event: 14.901 Thread 0x000000001672f800 nmethod 7173 0x00000000040f6410 code [0x00000000040f6700, 0x00000000040f7fc8]
Event: 14.901 Thread 0x000000001672f800 7174       3       org.gradle.internal.execution.steps.ResolveChangesStep$$Lambda$291/1755259191::get$Lambda (11 bytes)
Event: 14.902 Thread 0x000000001672f800 nmethod 7174 0x00000000040f8e90 code [0x00000000040f9000, 0x00000000040f9290]
Event: 14.902 Thread 0x000000001672f800 7175       3       org.gradle.internal.execution.history.changes.DefaultExecutionStateChangeDetector::detectChanges (395 bytes)

GC Heap History (10 events):
Event: 6.676 GC heap before
{Heap before GC invocations=11 (full 2):
 PSYoungGen      total 116736K, used 10924K [0x00000000e0000000, 0x00000000ea780000, 0x0000000100000000)
  eden space 105472K, 0% used [0x00000000e0000000,0x00000000e0000000,0x00000000e6700000)
  from space 11264K, 96% used [0x00000000e6700000,0x00000000e71ab2d0,0x00000000e7200000)
  to   space 12288K, 0% used [0x00000000e9b80000,0x00000000e9b80000,0x00000000ea780000)
 ParOldGen       total 57856K, used 8519K [0x00000000a0000000, 0x00000000a3880000, 0x00000000e0000000)
  object space 57856K, 14% used [0x00000000a0000000,0x00000000a0851df0,0x00000000a3880000)
 Metaspace       used 34725K, capacity 35404K, committed 35496K, reserved 1079296K
  class space    used 4780K, capacity 4993K, committed 5032K, reserved 1048576K
Event: 6.830 GC heap after
Heap after GC invocations=11 (full 2):
 PSYoungGen      total 116736K, used 0K [0x00000000e0000000, 0x00000000ea780000, 0x0000000100000000)
  eden space 105472K, 0% used [0x00000000e0000000,0x00000000e0000000,0x00000000e6700000)
  from space 11264K, 0% used [0x00000000e6700000,0x00000000e6700000,0x00000000e7200000)
  to   space 12288K, 0% used [0x00000000e9b80000,0x00000000e9b80000,0x00000000ea780000)
 ParOldGen       total 93184K, used 17848K [0x00000000a0000000, 0x00000000a5b00000, 0x00000000e0000000)
  object space 93184K, 19% used [0x00000000a0000000,0x00000000a116e0a0,0x00000000a5b00000)
 Metaspace       used 34720K, capacity 35386K, committed 35496K, reserved 1079296K
  class space    used 4778K, capacity 4990K, committed 5032K, reserved 1048576K
}
Event: 8.542 GC heap before
{Heap before GC invocations=12 (full 2):
 PSYoungGen      total 116736K, used 105472K [0x00000000e0000000, 0x00000000ea780000, 0x0000000100000000)
  eden space 105472K, 100% used [0x00000000e0000000,0x00000000e6700000,0x00000000e6700000)
  from space 11264K, 0% used [0x00000000e6700000,0x00000000e6700000,0x00000000e7200000)
  to   space 12288K, 0% used [0x00000000e9b80000,0x00000000e9b80000,0x00000000ea780000)
 ParOldGen       total 93184K, used 17848K [0x00000000a0000000, 0x00000000a5b00000, 0x00000000e0000000)
  object space 93184K, 19% used [0x00000000a0000000,0x00000000a116e0a0,0x00000000a5b00000)
 Metaspace       used 45295K, capacity 46228K, committed 46376K, reserved 1089536K
  class space    used 6106K, capacity 6380K, committed 6440K, reserved 1048576K
Event: 8.560 GC heap after
Heap after GC invocations=12 (full 2):
 PSYoungGen      total 141312K, used 12256K [0x00000000e0000000, 0x00000000ea780000, 0x0000000100000000)
  eden space 129024K, 0% used [0x00000000e0000000,0x00000000e0000000,0x00000000e7e00000)
  from space 12288K, 99% used [0x00000000e9b80000,0x00000000ea778090,0x00000000ea780000)
  to   space 14336K, 0% used [0x00000000e8b80000,0x00000000e8b80000,0x00000000e9980000)
 ParOldGen       total 93184K, used 19935K [0x00000000a0000000, 0x00000000a5b00000, 0x00000000e0000000)
  object space 93184K, 21% used [0x00000000a0000000,0x00000000a1377d98,0x00000000a5b00000)
 Metaspace       used 45295K, capacity 46228K, committed 46376K, reserved 1089536K
  class space    used 6106K, capacity 6380K, committed 6440K, reserved 1048576K
}
Event: 10.657 GC heap before
{Heap before GC invocations=13 (full 2):
 PSYoungGen      total 141312K, used 141280K [0x00000000e0000000, 0x00000000ea780000, 0x0000000100000000)
  eden space 129024K, 100% used [0x00000000e0000000,0x00000000e7e00000,0x00000000e7e00000)
  from space 12288K, 99% used [0x00000000e9b80000,0x00000000ea778090,0x00000000ea780000)
  to   space 14336K, 0% used [0x00000000e8b80000,0x00000000e8b80000,0x00000000e9980000)
 ParOldGen       total 93184K, used 19935K [0x00000000a0000000, 0x00000000a5b00000, 0x00000000e0000000)
  object space 93184K, 21% used [0x00000000a0000000,0x00000000a1377d98,0x00000000a5b00000)
 Metaspace       used 55995K, capacity 57440K, committed 57768K, reserved 1099776K
  class space    used 7616K, capacity 8017K, committed 8104K, reserved 1048576K
Event: 10.688 GC heap after
Heap after GC invocations=13 (full 2):
 PSYoungGen      total 157184K, used 13948K [0x00000000e0000000, 0x00000000eb800000, 0x0000000100000000)
  eden space 142848K, 0% used [0x00000000e0000000,0x00000000e0000000,0x00000000e8b80000)
  from space 14336K, 97% used [0x00000000e8b80000,0x00000000e991f328,0x00000000e9980000)
  to   space 15872K, 0% used [0x00000000ea880000,0x00000000ea880000,0x00000000eb800000)
 ParOldGen       total 93184K, used 26714K [0x00000000a0000000, 0x00000000a5b00000, 0x00000000e0000000)
  object space 93184K, 28% used [0x00000000a0000000,0x00000000a1a16b80,0x00000000a5b00000)
 Metaspace       used 55995K, capacity 57440K, committed 57768K, reserved 1099776K
  class space    used 7616K, capacity 8017K, committed 8104K, reserved 1048576K
}
Event: 11.582 GC heap before
{Heap before GC invocations=14 (full 2):
 PSYoungGen      total 157184K, used 44181K [0x00000000e0000000, 0x00000000eb800000, 0x0000000100000000)
  eden space 142848K, 21% used [0x00000000e0000000,0x00000000e1d86348,0x00000000e8b80000)
  from space 14336K, 97% used [0x00000000e8b80000,0x00000000e991f328,0x00000000e9980000)
  to   space 15872K, 0% used [0x00000000ea880000,0x00000000ea880000,0x00000000eb800000)
 ParOldGen       total 93184K, used 26714K [0x00000000a0000000, 0x00000000a5b00000, 0x00000000e0000000)
  object space 93184K, 28% used [0x00000000a0000000,0x00000000a1a16b80,0x00000000a5b00000)
 Metaspace       used 57613K, capacity 59156K, committed 59160K, reserved 1099776K
  class space    used 7814K, capacity 8229K, committed 8232K, reserved 1048576K
Event: 11.623 GC heap after
Heap after GC invocations=14 (full 2):
 PSYoungGen      total 173056K, used 8624K [0x00000000e0000000, 0x00000000ece00000, 0x0000000100000000)
  eden space 157184K, 0% used [0x00000000e0000000,0x00000000e0000000,0x00000000e9980000)
  from space 15872K, 54% used [0x00000000ea880000,0x00000000eb0ec0a8,0x00000000eb800000)
  to   space 15360K, 0% used [0x00000000e9980000,0x00000000e9980000,0x00000000ea880000)
 ParOldGen       total 93184K, used 26786K [0x00000000a0000000, 0x00000000a5b00000, 0x00000000e0000000)
  object space 93184K, 28% used [0x00000000a0000000,0x00000000a1a28b90,0x00000000a5b00000)
 Metaspace       used 57613K, capacity 59156K, committed 59160K, reserved 1099776K
  class space    used 7814K, capacity 8229K, committed 8232K, reserved 1048576K
}
Event: 11.623 GC heap before
{Heap before GC invocations=15 (full 3):
 PSYoungGen      total 173056K, used 8624K [0x00000000e0000000, 0x00000000ece00000, 0x0000000100000000)
  eden space 157184K, 0% used [0x00000000e0000000,0x00000000e0000000,0x00000000e9980000)
  from space 15872K, 54% used [0x00000000ea880000,0x00000000eb0ec0a8,0x00000000eb800000)
  to   space 15360K, 0% used [0x00000000e9980000,0x00000000e9980000,0x00000000ea880000)
 ParOldGen       total 93184K, used 26786K [0x00000000a0000000, 0x00000000a5b00000, 0x00000000e0000000)
  object space 93184K, 28% used [0x00000000a0000000,0x00000000a1a28b90,0x00000000a5b00000)
 Metaspace       used 57613K, capacity 59156K, committed 59160K, reserved 1099776K
  class space    used 7814K, capacity 8229K, committed 8232K, reserved 1048576K
Event: 11.981 GC heap after
Heap after GC invocations=15 (full 3):
 PSYoungGen      total 173056K, used 0K [0x00000000e0000000, 0x00000000ece00000, 0x0000000100000000)
  eden space 157184K, 0% used [0x00000000e0000000,0x00000000e0000000,0x00000000e9980000)
  from space 15872K, 0% used [0x00000000ea880000,0x00000000ea880000,0x00000000eb800000)
  to   space 15360K, 0% used [0x00000000e9980000,0x00000000e9980000,0x00000000ea880000)
 ParOldGen       total 93184K, used 30702K [0x00000000a0000000, 0x00000000a5b00000, 0x00000000e0000000)
  object space 93184K, 32% used [0x00000000a0000000,0x00000000a1dfba98,0x00000000a5b00000)
 Metaspace       used 57613K, capacity 59156K, committed 59160K, reserved 1099776K
  class space    used 7814K, capacity 8229K, committed 8232K, reserved 1048576K
}

Deoptimization events (10 events):
Event: 12.533 Thread 0x000000001cb56800 Uncommon trap: reason=bimorphic action=maybe_recompile pc=0x000000000358ae64 method=java.util.Arrays.binarySearch0([Ljava/lang/Object;IILjava/lang/Object;Ljava/util/Comparator;)I @ 48
Event: 12.534 Thread 0x000000001cb56800 Uncommon trap: reason=bimorphic action=maybe_recompile pc=0x000000000358ae64 method=java.util.Arrays.binarySearch0([Ljava/lang/Object;IILjava/lang/Object;Ljava/util/Comparator;)I @ 48
Event: 12.534 Thread 0x000000001cb56800 Uncommon trap: reason=bimorphic action=maybe_recompile pc=0x000000000358ae64 method=java.util.Arrays.binarySearch0([Ljava/lang/Object;IILjava/lang/Object;Ljava/util/Comparator;)I @ 48
Event: 12.534 Thread 0x000000001cb56800 Uncommon trap: reason=bimorphic action=maybe_recompile pc=0x000000000358ae64 method=java.util.Arrays.binarySearch0([Ljava/lang/Object;IILjava/lang/Object;Ljava/util/Comparator;)I @ 48
Event: 13.442 Thread 0x000000001966b000 Uncommon trap: reason=unstable_if action=reinterpret pc=0x000000000386857c method=java.io.ObjectOutputStream$BlockDataOutputStream.drain()V @ 12
Event: 13.741 Thread 0x000000001cb5e000 Uncommon trap: reason=unstable_if action=reinterpret pc=0x0000000003f860d8 method=org.gradle.internal.hash.HashCode.equals(Ljava/lang/Object;)Z @ 66
Event: 13.897 Thread 0x00000000182b5800 Uncommon trap: reason=unstable_if action=reinterpret pc=0x0000000003b2b290 method=java.util.concurrent.ConcurrentHashMap.addCount(JI)V @ 97
Event: 13.981 Thread 0x000000001cb5e000 Uncommon trap: reason=unstable_if action=reinterpret pc=0x0000000003a99764 method=java.util.concurrent.ConcurrentHashMap.addCount(JI)V @ 97
Event: 14.149 Thread 0x000000001cb5d800 Uncommon trap: reason=class_check action=maybe_recompile pc=0x0000000003f2748c method=com.google.common.base.Equivalence$Equals.doEquivalent(Ljava/lang/Object;Ljava/lang/Object;)Z @ 2
Event: 14.808 Thread 0x00000000182b5800 Uncommon trap: reason=unstable_if action=reinterpret pc=0x000000000319f2f0 method=java.lang.String.regionMatches(ZILjava/lang/String;II)Z @ 123

Classes redefined (0 events):
No events

Internal exceptions (10 events):
Event: 10.234 Thread 0x00000000182b5800 Exception <a 'java/lang/ClassNotFoundException': com/sun/org/glassfish/hk2/osgiresourcelocator/ServiceLoader> (0x00000000e6204df0) thrown at [D:\src\AOSP-openjdk-cygwin\jdk8u\hotspot\src\share\vm\classfile\systemDictionary.cpp, line 210]
Event: 10.276 Thread 0x00000000182b5800 Exception <a 'java/lang/NullPointerException'> (0x00000000e66d0010) thrown at [D:\src\AOSP-openjdk-cygwin\jdk8u\hotspot\src\share\vm\interpreter\linkResolver.cpp, line 1287]
Event: 13.440 Thread 0x000000001966b000 Exception <a 'java/lang/NoSuchMethodError': <clinit>> (0x00000000e001cb88) thrown at [D:\src\AOSP-openjdk-cygwin\jdk8u\hotspot\src\share\vm\prims\jni.cpp, line 1614]
Event: 13.441 Thread 0x000000001966b000 Exception <a 'java/lang/NoSuchMethodError': <clinit>> (0x00000000e0028868) thrown at [D:\src\AOSP-openjdk-cygwin\jdk8u\hotspot\src\share\vm\prims\jni.cpp, line 1614]
Event: 13.442 Thread 0x000000001966b000 Exception <a 'java/lang/NoSuchMethodError': <clinit>> (0x00000000e0034db8) thrown at [D:\src\AOSP-openjdk-cygwin\jdk8u\hotspot\src\share\vm\prims\jni.cpp, line 1614]
Event: 13.466 Thread 0x000000001966b000 Exception <a 'java/lang/NoSuchMethodError': <clinit>> (0x00000000e42cae80) thrown at [D:\src\AOSP-openjdk-cygwin\jdk8u\hotspot\src\share\vm\prims\jni.cpp, line 1614]
Event: 13.468 Thread 0x000000001966b000 Exception <a 'java/lang/NoSuchMethodError': <clinit>> (0x00000000e42dc4d0) thrown at [D:\src\AOSP-openjdk-cygwin\jdk8u\hotspot\src\share\vm\prims\jni.cpp, line 1614]
Event: 13.468 Thread 0x000000001966b000 Exception <a 'java/lang/NoSuchMethodError': <clinit>> (0x00000000e42ddfe8) thrown at [D:\src\AOSP-openjdk-cygwin\jdk8u\hotspot\src\share\vm\prims\jni.cpp, line 1614]
Event: 13.503 Thread 0x000000001966b000 Exception <a 'java/lang/NoSuchMethodError': <clinit>> (0x00000000e42edea8) thrown at [D:\src\AOSP-openjdk-cygwin\jdk8u\hotspot\src\share\vm\prims\jni.cpp, line 1614]
Event: 14.485 Thread 0x000000001cb56000 Exception <a 'java/lang/NoSuchMethodError': <clinit>> (0x00000000e7b7ecd8) thrown at [D:\src\AOSP-openjdk-cygwin\jdk8u\hotspot\src\share\vm\prims\jni.cpp, line 1614]

Events (10 events):
Event: 14.808 Thread 0x00000000182b5800 DEOPT PACKING pc=0x000000000319f2f0 sp=0x000000001adca670
Event: 14.808 Thread 0x00000000182b5800 DEOPT UNPACKING pc=0x0000000002de557b sp=0x000000001adca570 mode 2
Event: 14.822 loading class org/gradle/internal/snapshot/impl/DefaultFileSystemSnapshotter$3
Event: 14.822 loading class org/gradle/internal/snapshot/impl/DefaultFileSystemSnapshotter$3 done
Event: 14.824 loading class org/gradle/internal/snapshot/impl/DirectorySnapshotter$PathBackedFileTreeElement
Event: 14.824 loading class org/gradle/internal/snapshot/impl/DirectorySnapshotter$PathBackedFileTreeElement done
Event: 14.839 loading class org/gradle/internal/snapshot/FileSystemSnapshot$1
Event: 14.839 loading class org/gradle/internal/snapshot/FileSystemSnapshot$1 done
Event: 14.893 Thread 0x000000001cb56000 DEOPT PACKING pc=0x0000000003416968 sp=0x000000002249cd70
Event: 14.893 Thread 0x000000001cb56000 DEOPT UNPACKING pc=0x0000000002de75d0 sp=0x000000002249ca18 mode 0


Dynamic libraries:
0x00007ff62c020000 - 0x00007ff62c051000 	C:\Program Files\Android\Android Studio\jre\bin\java.exe
0x00007ffe81100000 - 0x00007ffe812f0000 	C:\Windows\SYSTEM32\ntdll.dll
0x00007ffe80e60000 - 0x00007ffe80f12000 	C:\Windows\System32\KERNEL32.DLL
0x00007ffe7eac0000 - 0x00007ffe7ed63000 	C:\Windows\System32\KERNELBASE.dll
0x00007ffe801c0000 - 0x00007ffe80263000 	C:\Windows\System32\ADVAPI32.dll
0x00007ffe7f840000 - 0x00007ffe7f8de000 	C:\Windows\System32\msvcrt.dll
0x00007ffe7f640000 - 0x00007ffe7f6d7000 	C:\Windows\System32\sechost.dll
0x00007ffe80d40000 - 0x00007ffe80e60000 	C:\Windows\System32\RPCRT4.dll
0x00007ffe7f8e0000 - 0x00007ffe7fa74000 	C:\Windows\System32\USER32.dll
0x00007ffe7ea90000 - 0x00007ffe7eab1000 	C:\Windows\System32\win32u.dll
0x00007ffe80190000 - 0x00007ffe801b6000 	C:\Windows\System32\GDI32.dll
0x00007ffe7ee10000 - 0x00007ffe7efa4000 	C:\Windows\System32\gdi32full.dll
0x00007ffe7e9f0000 - 0x00007ffe7ea8e000 	C:\Windows\System32\msvcp_win.dll
0x00007ffe7e870000 - 0x00007ffe7e96a000 	C:\Windows\System32\ucrtbase.dll
0x00007ffe6b040000 - 0x00007ffe6b2c5000 	C:\Windows\WinSxS\amd64_microsoft.windows.common-controls_6595b64144ccf1df_6.0.18362.10024_none_25aeef8e19924af1\COMCTL32.dll
0x00007ffe7f2a0000 - 0x00007ffe7f5d6000 	C:\Windows\System32\combase.dll
0x00007ffe7e970000 - 0x00007ffe7e9f0000 	C:\Windows\System32\bcryptPrimitives.dll
0x00007ffe80fe0000 - 0x00007ffe8100e000 	C:\Windows\System32\IMM32.DLL
0x00000000561c0000 - 0x0000000056292000 	C:\Program Files\Android\Android Studio\jre\jre\bin\msvcr100.dll
0x0000000056870000 - 0x00000000570b6000 	C:\Program Files\Android\Android Studio\jre\jre\bin\server\jvm.dll
0x00007ffe80170000 - 0x00007ffe80178000 	C:\Windows\System32\PSAPI.DLL
0x00007ffe79e50000 - 0x00007ffe79e74000 	C:\Windows\SYSTEM32\WINMM.dll
0x00007ffe7b600000 - 0x00007ffe7b60a000 	C:\Windows\SYSTEM32\VERSION.dll
0x00007ffe79e20000 - 0x00007ffe79e4d000 	C:\Windows\SYSTEM32\WINMMBASE.dll
0x00007ffe7cad0000 - 0x00007ffe7cad9000 	C:\Windows\SYSTEM32\WSOCK32.dll
0x00007ffe7edc0000 - 0x00007ffe7ee0a000 	C:\Windows\System32\cfgmgr32.dll
0x00007ffe806f0000 - 0x00007ffe8075f000 	C:\Windows\System32\WS2_32.dll
0x00007ffe6f480000 - 0x00007ffe6f48f000 	C:\Program Files\Android\Android Studio\jre\jre\bin\verify.dll
0x00007ffe4e260000 - 0x00007ffe4e289000 	C:\Program Files\Android\Android Studio\jre\jre\bin\java.dll
0x00007ffe6c540000 - 0x00007ffe6c556000 	C:\Program Files\Android\Android Studio\jre\jre\bin\zip.dll
0x00007ffe7fa80000 - 0x00007ffe80165000 	C:\Windows\System32\SHELL32.dll
0x00007ffe81010000 - 0x00007ffe810b9000 	C:\Windows\System32\shcore.dll
0x00007ffe7e090000 - 0x00007ffe7e80f000 	C:\Windows\System32\windows.storage.dll
0x00007ffe7e020000 - 0x00007ffe7e03f000 	C:\Windows\System32\profapi.dll
0x00007ffe7e040000 - 0x00007ffe7e08a000 	C:\Windows\System32\powrprof.dll
0x00007ffe7dfd0000 - 0x00007ffe7dfe0000 	C:\Windows\System32\UMPDC.dll
0x00007ffe80f80000 - 0x00007ffe80fd2000 	C:\Windows\System32\shlwapi.dll
0x00007ffe7dfe0000 - 0x00007ffe7dff1000 	C:\Windows\System32\kernel.appcore.dll
0x00007ffe7ed70000 - 0x00007ffe7ed87000 	C:\Windows\System32\cryptsp.dll
0x00007ffe4de40000 - 0x00007ffe4de5a000 	C:\Program Files\Android\Android Studio\jre\jre\bin\net.dll
0x00007ffe7d840000 - 0x00007ffe7d8a7000 	C:\Windows\system32\mswsock.dll
0x00007ffe4de20000 - 0x00007ffe4de31000 	C:\Program Files\Android\Android Studio\jre\jre\bin\nio.dll
0x00007ffe59180000 - 0x00007ffe591a6000 	C:\Users\ASUS\.gradle\native\29\windows-amd64\native-platform.dll
0x00007ffe6eae0000 - 0x00007ffe6eaed000 	C:\Program Files\Android\Android Studio\jre\jre\bin\management.dll
0x00007ffe7d3b0000 - 0x00007ffe7d3e3000 	C:\Windows\system32\rsaenh.dll
0x00007ffe7ed90000 - 0x00007ffe7edb6000 	C:\Windows\System32\bcrypt.dll
0x00007ffe7def0000 - 0x00007ffe7df15000 	C:\Windows\SYSTEM32\USERENV.dll
0x00007ffe7da10000 - 0x00007ffe7da1c000 	C:\Windows\SYSTEM32\CRYPTBASE.dll
0x00007ffe7d550000 - 0x00007ffe7d58a000 	C:\Windows\SYSTEM32\IPHLPAPI.DLL
0x00007ffe806e0000 - 0x00007ffe806e8000 	C:\Windows\System32\NSI.dll
0x00007ffe70b70000 - 0x00007ffe70b86000 	C:\Windows\SYSTEM32\dhcpcsvc6.DLL
0x00007ffe73820000 - 0x00007ffe7383c000 	C:\Windows\SYSTEM32\dhcpcsvc.DLL
0x00007ffe7d590000 - 0x00007ffe7d65a000 	C:\Windows\SYSTEM32\DNSAPI.dll

VM Arguments:
jvm_args: -Xmx1536m -Dfile.encoding=windows-1252 -Duser.country=US -Duser.language=en -Duser.variant 
java_command: org.gradle.launcher.daemon.bootstrap.GradleDaemon 5.4.1
java_class_path (initial): C:\Users\ASUS\.gradle\wrapper\dists\gradle-5.4.1-all\3221gyojl5jsh0helicew7rwx\gradle-5.4.1\lib\gradle-launcher-5.4.1.jar
Launcher Type: SUN_STANDARD

Environment Variables:
PATH=C:\Windows\system32;C:\Windows;C:\Windows\System32\Wbem;C:\Windows\System32\WindowsPowerShell\v1.0\;C:\Windows\System32\OpenSSH\;C:\Program Files\Intel\WiFi\bin\;C:\Program Files\Common Files\Intel\WirelessCommon\;C:\Users\ASUS\AppData\Local\Microsoft\WindowsApps;C:\Program Files\Intel\WiFi\bin\;C:\Program Files\Common Files\Intel\WirelessCommon\
USERNAME=ASUS
OS=Windows_NT
PROCESSOR_IDENTIFIER=Intel64 Family 6 Model 78 Stepping 3, GenuineIntel



---------------  S Y S T E M  ---------------

OS: Windows 10.0 , 64 bit Build 18362 (10.0.18362.10022)

CPU:total 4 (initial active 4) (2 cores per cpu, 2 threads per core) family 6 model 78 stepping 3, cmov, cx8, fxsr, mmx, sse, sse2, sse3, ssse3, sse4.1, sse4.2, popcnt, avx, avx2, aes, clmul, erms, 3dnowpref, lzcnt, ht, tsc, tscinvbit, bmi1, bmi2, adx

Memory: 4k page, physical 8249368k(860700k free), swap 23795988k(6068k free)

vm_info: OpenJDK 64-Bit Server VM (25.202-b03) for windows-amd64 JRE (1.8.0_202-release-1483-b03), built by "builder" with MS VC++ 10.0 (VS2010)

time: Mon Oct 21 12:06:18 2019
timezone: Pacific Daylight Time
elapsed time: 14 seconds (0d 0h 0m 14s)

