#
# There is insufficient memory for the Java Runtime Environment to continue.
# Native memory allocation (malloc) failed to allocate 1385232 bytes for Chunk::new
# Possible reasons:
#   The system is out of physical RAM or swap space
#   The process is running with CompressedOops enabled, and the Java Heap may be blocking the growth of the native heap
# Possible solutions:
#   Reduce memory load on the system
#   Increase physical memory or swap space
#   Check if swap backing store is full
#   Decrease Java heap size (-Xmx/-Xms)
#   Decrease number of Java threads
#   Decrease Java thread stack sizes (-Xss)
#   Set larger code cache with -XX:ReservedCodeCacheSize=
#   JVM is running with Unscaled Compressed Oops mode in which the Java heap is
#     placed in the first 4GB address space. The Java Heap base address is the
#     maximum limit for the native heap growth. Please use -XX:HeapBaseMinAddress
#     to set the Java Heap base and to place the Java Heap above 4GB virtual address.
# This output file may be truncated or incomplete.
#
#  Out of Memory Error (allocation.cpp:389), pid=11420, tid=0x0000000000002c3c
#
# JRE version: OpenJDK Runtime Environment (8.0_202-b03) (build 1.8.0_202-release-1483-b03)
# Java VM: OpenJDK 64-Bit Server VM (25.202-b03 mixed mode windows-amd64 compressed oops)
# Failed to write core dump. Minidumps are not enabled by default on client versions of Windows
#

---------------  T H R E A D  ---------------

Current thread (0x0000000015eec000):  JavaThread "C2 CompilerThread1" daemon [_thread_in_native, id=11324, stack(0x0000000017640000,0x0000000017740000)]

Stack: [0x0000000017640000,0x0000000017740000]
[error occurred during error reporting (printing stack bounds), id 0xc0000005]

Native frames: (J=compiled Java code, j=interpreted, Vv=VM code, C=native code)


Current CompileTask:
C2:  34987 11100 %     4       com.android.tools.r8.ir.regalloc.LinearScanRegisterAllocator::a @ 2072 (3743 bytes)


---------------  P R O C E S S  ---------------

Java Threads: ( => current thread )
  0x000000001b6c0000 JavaThread "Cache worker for execution history cache (C:\Users\ASUS\AndroidStudioProjects\Pasolle\.gradle\5.4.1\executionHistory)" [_thread_blocked, id=12036, stack(0x00000000234b0000,0x00000000235b0000)]
  0x000000001b6bd000 JavaThread "Execution worker for ':' Thread 3" [_thread_in_Java, id=8780, stack(0x00000000233b0000,0x00000000234b0000)]
  0x000000001b6c1800 JavaThread "Execution worker for ':' Thread 2" [_thread_blocked, id=8092, stack(0x00000000232b0000,0x00000000233b0000)]
  0x000000001b6c0800 JavaThread "Execution worker for ':'" [_thread_in_Java, id=10536, stack(0x0000000021d70000,0x0000000021e70000)]
  0x000000001b6bc000 JavaThread "Cache worker for file content cache (C:\Users\ASUS\AndroidStudioProjects\Pasolle\.gradle\5.4.1\fileContent)" [_thread_blocked, id=12188, stack(0x0000000021870000,0x0000000021970000)]
  0x000000001b6ba800 JavaThread "Cache worker for file content cache (C:\Users\ASUS\.gradle\caches\5.4.1\fileContent)" [_thread_blocked, id=11148, stack(0x0000000021770000,0x0000000021870000)]
  0x000000001b6b3000 JavaThread "Memory manager" [_thread_blocked, id=11500, stack(0x0000000020c00000,0x0000000020d00000)]
  0x000000001b6b4000 JavaThread "Cache worker for Build Output Cleanup Cache (C:\Users\ASUS\AndroidStudioProjects\Pasolle\.gradle\buildOutputCleanup)" [_thread_blocked, id=7376, stack(0x0000000020090000,0x0000000020190000)]
  0x000000001b6ba000 JavaThread "Build operations Thread 4" [_thread_blocked, id=6480, stack(0x0000000020700000,0x0000000020800000)]
  0x000000001b6b8800 JavaThread "Build operations Thread 3" [_thread_blocked, id=820, stack(0x00000000203b0000,0x00000000204b0000)]
  0x000000001b6b2800 JavaThread "Build operations Thread 2" [_thread_blocked, id=10612, stack(0x00000000202b0000,0x00000000203b0000)]
  0x000000001b6b9000 JavaThread "Build operations" [_thread_blocked, id=1204, stack(0x00000000201b0000,0x00000000202b0000)]
  0x000000001b6b7800 JavaThread "Cache worker for execution history cache (C:\Users\ASUS\.gradle\caches\5.4.1\executionHistory)" [_thread_blocked, id=1552, stack(0x000000001ff90000,0x0000000020090000)]
  0x000000001b6b7000 JavaThread "Cache worker for cache directory md-rule (C:\Users\ASUS\.gradle\caches\5.4.1\md-rule)" [_thread_blocked, id=9396, stack(0x000000001e3d0000,0x000000001e4d0000)]
  0x0000000018991800 JavaThread "Cache worker for cache directory md-supplier (C:\Users\ASUS\.gradle\caches\5.4.1\md-supplier)" [_thread_blocked, id=504, stack(0x000000001df00000,0x000000001e000000)]
  0x0000000018992000 JavaThread "Cache worker for file hash cache (C:\Users\ASUS\AndroidStudioProjects\Pasolle\.gradle\5.4.1\fileHashes)" [_thread_blocked, id=9176, stack(0x000000001e2d0000,0x000000001e3d0000)]
  0x000000001898f000 JavaThread "Cache worker for journal cache (C:\Users\ASUS\.gradle\caches\journal-1)" [_thread_blocked, id=6020, stack(0x000000001aa90000,0x000000001ab90000)]
  0x000000001898d000 JavaThread "File lock request listener" [_thread_in_native, id=7036, stack(0x000000001a990000,0x000000001aa90000)]
  0x000000001898c000 JavaThread "Cache worker for file hash cache (C:\Users\ASUS\.gradle\caches\5.4.1\fileHashes)" [_thread_blocked, id=7120, stack(0x000000001a890000,0x000000001a990000)]
  0x00000000191fa000 JavaThread "Thread-9" [_thread_blocked, id=3008, stack(0x000000001a790000,0x000000001a890000)]
  0x00000000183f1000 JavaThread "Stdin handler" [_thread_blocked, id=9084, stack(0x000000001a690000,0x000000001a790000)]
  0x00000000191fd000 JavaThread "Asynchronous log dispatcher for DefaultDaemonConnection: socket connection from /127.0.0.1:50140 to /127.0.0.1:50141" [_thread_blocked, id=9220, stack(0x000000001a590000,0x000000001a690000)]
  0x00000000183f0800 JavaThread "Daemon worker" [_thread_in_Java, id=6956, stack(0x000000001a490000,0x000000001a590000)]
  0x0000000019252000 JavaThread "Cancel handler" [_thread_blocked, id=2152, stack(0x000000001a390000,0x000000001a490000)]
  0x0000000017c3b000 JavaThread "Handler for socket connection from /127.0.0.1:50140 to /127.0.0.1:50141" [_thread_in_native, id=4460, stack(0x000000001a090000,0x000000001a190000)]
  0x0000000018047800 JavaThread "Daemon" [_thread_blocked, id=2904, stack(0x0000000019f90000,0x000000001a090000)]
  0x0000000017c0e000 JavaThread "Daemon periodic checks" [_thread_blocked, id=2344, stack(0x0000000019e90000,0x0000000019f90000)]
  0x0000000017c0b800 JavaThread "Incoming local TCP Connector on port 50140" [_thread_in_native, id=3428, stack(0x0000000019c50000,0x0000000019d50000)]
  0x0000000018ecc000 JavaThread "Daemon health stats" [_thread_blocked, id=5436, stack(0x0000000019610000,0x0000000019710000)]
  0x0000000017860800 JavaThread "Service Thread" daemon [_thread_blocked, id=11144, stack(0x0000000017c40000,0x0000000017d40000)]
  0x0000000015ef2800 JavaThread "C1 CompilerThread2" daemon [_thread_blocked, id=11668, stack(0x0000000017740000,0x0000000017840000)]
=>0x0000000015eec000 JavaThread "C2 CompilerThread1" daemon [_thread_in_native, id=11324, stack(0x0000000017640000,0x0000000017740000)]
  0x0000000015ef7800 JavaThread "C2 CompilerThread0" daemon [_thread_in_native, id=12168, stack(0x0000000017540000,0x0000000017640000)]
  0x0000000015ef6000 JavaThread "Attach Listener" daemon [_thread_blocked, id=3356, stack(0x0000000017440000,0x0000000017540000)]
  0x0000000015ef5000 JavaThread "Signal Dispatcher" daemon [_thread_blocked, id=7484, stack(0x0000000017340000,0x0000000017440000)]
  0x000000000257c000 JavaThread "Finalizer" daemon [_thread_blocked, id=7432, stack(0x0000000017140000,0x0000000017240000)]
  0x0000000015ed9000 JavaThread "Reference Handler" daemon [_thread_blocked, id=1020, stack(0x0000000017040000,0x0000000017140000)]
  0x000000000247d800 JavaThread "main" [_thread_blocked, id=9120, stack(0x0000000002280000,0x0000000002380000)]

Other Threads:
  0x0000000015eb6800 VMThread [stack: 0x0000000016f40000,0x0000000017040000] [id=8460]
  0x0000000017863000 WatcherThread [stack: 0x0000000017d40000,0x0000000017e40000] [id=11496]

VM state:not at safepoint (normal execution)

VM Mutex/Monitor currently owned by a thread: None

heap address: 0x00000000a0000000, size: 1536 MB, Compressed Oops mode: 32-bit
Narrow klass base: 0x0000000000000000, Narrow klass shift: 3
Compressed class space size: 1073741824 Address: 0x0000000100000000

Heap:
 PSYoungGen      total 293376K, used 196258K [0x00000000e0000000, 0x00000000f4000000, 0x0000000100000000)
  eden space 261120K, 66% used [0x00000000e0000000,0x00000000eaacb7a0,0x00000000eff00000)
  from space 32256K, 66% used [0x00000000f1d00000,0x00000000f31dd068,0x00000000f3c80000)
  to   space 30720K, 0% used [0x00000000eff00000,0x00000000eff00000,0x00000000f1d00000)
 ParOldGen       total 134656K, used 70854K [0x00000000a0000000, 0x00000000a8380000, 0x00000000e0000000)
  object space 134656K, 52% used [0x00000000a0000000,0x00000000a4531aa0,0x00000000a8380000)
 Metaspace       used 69601K, capacity 72426K, committed 72728K, reserved 1112064K
  class space    used 9351K, capacity 9934K, committed 10024K, reserved 1048576K

Card table byte_map: [0x0000000011940000,0x0000000011c50000] byte_map_base: 0x0000000011440000

Marking Bits: (ParMarkBitMap*) 0x0000000057039f30
 Begin Bits: [0x0000000012250000, 0x0000000013a50000)
 End Bits:   [0x0000000013a50000, 0x0000000015250000)

Polling page: 0x0000000000950000

CodeCache: size=245760Kb used=34581Kb max_used=35202Kb free=211178Kb
 bounds [0x0000000002580000, 0x0000000004810000, 0x0000000011580000]
 total_blobs=11057 nmethods=10246 adapters=722
 compilation: enabled

Compilation events (10 events):
Event: 34.645 Thread 0x0000000015ef2800 11894       2       java.util.HashSet::writeObject (75 bytes)
Event: 34.646 Thread 0x0000000015ef2800 nmethod 11894 0x0000000004253f50 code [0x0000000004254140, 0x00000000042544c8]
Event: 34.646 Thread 0x0000000015ef2800 11895       2       java.util.HashMap::capacity (32 bytes)
Event: 34.647 Thread 0x0000000015ef2800 nmethod 11895 0x0000000003e4f390 code [0x0000000003e4f4e0, 0x0000000003e4f650]
Event: 34.647 Thread 0x0000000015ef2800 11896       2       java.util.HashMap::loadFactor (5 bytes)
Event: 34.647 Thread 0x0000000015ef2800 nmethod 11896 0x00000000040adcd0 code [0x00000000040ade20, 0x00000000040adf70]
Event: 34.749 Thread 0x0000000015ef2800 11897       2       com.android.tools.r8.t.a.a.h::a (18 bytes)
Event: 34.749 Thread 0x0000000015ef2800 nmethod 11897 0x0000000003f06250 code [0x0000000003f063c0, 0x0000000003f06548]
Event: 34.925 Thread 0x0000000015ef2800 11898       3       java.util.TreeMap::pollLastEntry (21 bytes)
Event: 34.926 Thread 0x0000000015ef2800 nmethod 11898 0x000000000404d890 code [0x000000000404da60, 0x000000000404e1a8]

GC Heap History (10 events):
Event: 27.758 GC heap before
{Heap before GC invocations=27 (full 3):
 PSYoungGen      total 291840K, used 283650K [0x00000000e0000000, 0x00000000f4000000, 0x0000000100000000)
  eden space 261120K, 100% used [0x00000000e0000000,0x00000000eff00000,0x00000000eff00000)
  from space 30720K, 73% used [0x00000000eff00000,0x00000000f1500a18,0x00000000f1d00000)
  to   space 32256K, 0% used [0x00000000f1d00000,0x00000000f1d00000,0x00000000f3c80000)
 ParOldGen       total 134656K, used 69430K [0x00000000a0000000, 0x00000000a8380000, 0x00000000e0000000)
  object space 134656K, 51% used [0x00000000a0000000,0x00000000a43cdaa0,0x00000000a8380000)
 Metaspace       used 69547K, capacity 72362K, committed 72472K, reserved 1112064K
  class space    used 9349K, capacity 9934K, committed 10024K, reserved 1048576K
Event: 27.789 GC heap after
Heap after GC invocations=27 (full 3):
 PSYoungGen      total 293376K, used 29133K [0x00000000e0000000, 0x00000000f4000000, 0x0000000100000000)
  eden space 261120K, 0% used [0x00000000e0000000,0x00000000e0000000,0x00000000eff00000)
  from space 32256K, 90% used [0x00000000f1d00000,0x00000000f39734c8,0x00000000f3c80000)
  to   space 30720K, 0% used [0x00000000eff00000,0x00000000eff00000,0x00000000f1d00000)
 ParOldGen       total 134656K, used 69438K [0x00000000a0000000, 0x00000000a8380000, 0x00000000e0000000)
  object space 134656K, 51% used [0x00000000a0000000,0x00000000a43cfaa0,0x00000000a8380000)
 Metaspace       used 69547K, capacity 72362K, committed 72472K, reserved 1112064K
  class space    used 9349K, capacity 9934K, committed 10024K, reserved 1048576K
}
Event: 28.615 GC heap before
{Heap before GC invocations=28 (full 3):
 PSYoungGen      total 293376K, used 290253K [0x00000000e0000000, 0x00000000f4000000, 0x0000000100000000)
  eden space 261120K, 100% used [0x00000000e0000000,0x00000000eff00000,0x00000000eff00000)
  from space 32256K, 90% used [0x00000000f1d00000,0x00000000f39734c8,0x00000000f3c80000)
  to   space 30720K, 0% used [0x00000000eff00000,0x00000000eff00000,0x00000000f1d00000)
 ParOldGen       total 134656K, used 69438K [0x00000000a0000000, 0x00000000a8380000, 0x00000000e0000000)
  object space 134656K, 51% used [0x00000000a0000000,0x00000000a43cfaa0,0x00000000a8380000)
 Metaspace       used 69556K, capacity 72426K, committed 72728K, reserved 1112064K
  class space    used 9349K, capacity 9934K, committed 10024K, reserved 1048576K
Event: 28.651 GC heap after
Heap after GC invocations=28 (full 3):
 PSYoungGen      total 291840K, used 30525K [0x00000000e0000000, 0x00000000f4000000, 0x0000000100000000)
  eden space 261120K, 0% used [0x00000000e0000000,0x00000000e0000000,0x00000000eff00000)
  from space 30720K, 99% used [0x00000000eff00000,0x00000000f1ccf6b8,0x00000000f1d00000)
  to   space 32256K, 0% used [0x00000000f1d00000,0x00000000f1d00000,0x00000000f3c80000)
 ParOldGen       total 134656K, used 69438K [0x00000000a0000000, 0x00000000a8380000, 0x00000000e0000000)
  object space 134656K, 51% used [0x00000000a0000000,0x00000000a43cfaa0,0x00000000a8380000)
 Metaspace       used 69556K, capacity 72426K, committed 72728K, reserved 1112064K
  class space    used 9349K, capacity 9934K, committed 10024K, reserved 1048576K
}
Event: 29.566 GC heap before
{Heap before GC invocations=29 (full 3):
 PSYoungGen      total 291840K, used 291645K [0x00000000e0000000, 0x00000000f4000000, 0x0000000100000000)
  eden space 261120K, 100% used [0x00000000e0000000,0x00000000eff00000,0x00000000eff00000)
  from space 30720K, 99% used [0x00000000eff00000,0x00000000f1ccf6b8,0x00000000f1d00000)
  to   space 32256K, 0% used [0x00000000f1d00000,0x00000000f1d00000,0x00000000f3c80000)
 ParOldGen       total 134656K, used 69438K [0x00000000a0000000, 0x00000000a8380000, 0x00000000e0000000)
  object space 134656K, 51% used [0x00000000a0000000,0x00000000a43cfaa0,0x00000000a8380000)
 Metaspace       used 69563K, capacity 72426K, committed 72728K, reserved 1112064K
  class space    used 9349K, capacity 9934K, committed 10024K, reserved 1048576K
Event: 29.609 GC heap after
Heap after GC invocations=29 (full 3):
 PSYoungGen      total 293376K, used 28974K [0x00000000e0000000, 0x00000000f4000000, 0x0000000100000000)
  eden space 261120K, 0% used [0x00000000e0000000,0x00000000e0000000,0x00000000eff00000)
  from space 32256K, 89% used [0x00000000f1d00000,0x00000000f394b808,0x00000000f3c80000)
  to   space 30720K, 0% used [0x00000000eff00000,0x00000000eff00000,0x00000000f1d00000)
 ParOldGen       total 134656K, used 69438K [0x00000000a0000000, 0x00000000a8380000, 0x00000000e0000000)
  object space 134656K, 51% used [0x00000000a0000000,0x00000000a43cfaa0,0x00000000a8380000)
 Metaspace       used 69563K, capacity 72426K, committed 72728K, reserved 1112064K
  class space    used 9349K, capacity 9934K, committed 10024K, reserved 1048576K
}
Event: 31.136 GC heap before
{Heap before GC invocations=30 (full 3):
 PSYoungGen      total 293376K, used 290094K [0x00000000e0000000, 0x00000000f4000000, 0x0000000100000000)
  eden space 261120K, 100% used [0x00000000e0000000,0x00000000eff00000,0x00000000eff00000)
  from space 32256K, 89% used [0x00000000f1d00000,0x00000000f394b808,0x00000000f3c80000)
  to   space 30720K, 0% used [0x00000000eff00000,0x00000000eff00000,0x00000000f1d00000)
 ParOldGen       total 134656K, used 69438K [0x00000000a0000000, 0x00000000a8380000, 0x00000000e0000000)
  object space 134656K, 51% used [0x00000000a0000000,0x00000000a43cfaa0,0x00000000a8380000)
 Metaspace       used 69573K, capacity 72426K, committed 72728K, reserved 1112064K
  class space    used 9349K, capacity 9934K, committed 10024K, reserved 1048576K
Event: 31.186 GC heap after
Heap after GC invocations=30 (full 3):
 PSYoungGen      total 291840K, used 22376K [0x00000000e0000000, 0x00000000f4000000, 0x0000000100000000)
  eden space 261120K, 0% used [0x00000000e0000000,0x00000000e0000000,0x00000000eff00000)
  from space 30720K, 72% used [0x00000000eff00000,0x00000000f14da018,0x00000000f1d00000)
  to   space 32256K, 0% used [0x00000000f1d00000,0x00000000f1d00000,0x00000000f3c80000)
 ParOldGen       total 134656K, used 70854K [0x00000000a0000000, 0x00000000a8380000, 0x00000000e0000000)
  object space 134656K, 52% used [0x00000000a0000000,0x00000000a4531aa0,0x00000000a8380000)
 Metaspace       used 69573K, capacity 72426K, committed 72728K, reserved 1112064K
  class space    used 9349K, capacity 9934K, committed 10024K, reserved 1048576K
}
Event: 33.270 GC heap before
{Heap before GC invocations=31 (full 3):
 PSYoungGen      total 291840K, used 283496K [0x00000000e0000000, 0x00000000f4000000, 0x0000000100000000)
  eden space 261120K, 100% used [0x00000000e0000000,0x00000000eff00000,0x00000000eff00000)
  from space 30720K, 72% used [0x00000000eff00000,0x00000000f14da018,0x00000000f1d00000)
  to   space 32256K, 0% used [0x00000000f1d00000,0x00000000f1d00000,0x00000000f3c80000)
 ParOldGen       total 134656K, used 70854K [0x00000000a0000000, 0x00000000a8380000, 0x00000000e0000000)
  object space 134656K, 52% used [0x00000000a0000000,0x00000000a4531aa0,0x00000000a8380000)
 Metaspace       used 69596K, capacity 72426K, committed 72728K, reserved 1112064K
  class space    used 9351K, capacity 9934K, committed 10024K, reserved 1048576K
Event: 33.362 GC heap after
Heap after GC invocations=31 (full 3):
 PSYoungGen      total 293376K, used 21364K [0x00000000e0000000, 0x00000000f4000000, 0x0000000100000000)
  eden space 261120K, 0% used [0x00000000e0000000,0x00000000e0000000,0x00000000eff00000)
  from space 32256K, 66% used [0x00000000f1d00000,0x00000000f31dd068,0x00000000f3c80000)
  to   space 30720K, 0% used [0x00000000eff00000,0x00000000eff00000,0x00000000f1d00000)
 ParOldGen       total 134656K, used 70854K [0x00000000a0000000, 0x00000000a8380000, 0x00000000e0000000)
  object space 134656K, 52% used [0x00000000a0000000,0x00000000a4531aa0,0x00000000a8380000)
 Metaspace       used 69596K, capacity 72426K, committed 72728K, reserved 1112064K
  class space    used 9351K, capacity 9934K, committed 10024K, reserved 1048576K
}

Deoptimization events (10 events):
Event: 23.801 Thread 0x000000000257c000 Uncommon trap: reason=unstable_if action=reinterpret pc=0x000000000310bfb8 method=java.util.WeakHashMap.expungeStaleEntries()V @ 53
Event: 24.104 Thread 0x000000001b6bd000 Uncommon trap: reason=unstable_if action=reinterpret pc=0x00000000045c1048 method=com.android.tools.r8.ir.code.Value.a(Lcom/android/tools/r8/graph/AppView;Lcom/android/tools/r8/ir/code/IRCode;Ljava/util/function/Predicate;Ljava/util/Set;)Z @ 144
Event: 24.174 Thread 0x00000000183f0800 Uncommon trap: reason=array_check action=maybe_recompile pc=0x000000000291941c method=java.util.TimSort.binarySort([Ljava/lang/Object;IIILjava/util/Comparator;)V @ 183
Event: 24.174 Thread 0x00000000183f0800 Uncommon trap: reason=array_check action=maybe_recompile pc=0x000000000291941c method=java.util.TimSort.binarySort([Ljava/lang/Object;IIILjava/util/Comparator;)V @ 183
Event: 25.097 Thread 0x000000001b6c1800 Uncommon trap: reason=predicate action=maybe_recompile pc=0x000000000468d238 method=com.android.tools.r8.ir.optimize.PeepholeOptimizer.a(Lcom/android/tools/r8/ir/code/IRCode;Lcom/android/tools/r8/ir/regalloc/RegisterAllocator;I)V @ 338
Event: 27.530 Thread 0x000000001b6bd000 Uncommon trap: reason=unstable_if action=reinterpret pc=0x00000000045a5cf4 method=com.android.tools.r8.graph.DexDebugEventBuilder.a(IILcom/android/tools/r8/ir/code/Instruction;)V @ 862
Event: 27.968 Thread 0x00000000183f0800 Uncommon trap: reason=unstable_if action=reinterpret pc=0x0000000003eda044 method=com.android.tools.r8.ir.optimize.CodeRewriter.a(Lcom/android/tools/r8/ir/code/Instruction;ZLcom/android/tools/r8/ir/code/Instruction;)Z @ 24
Event: 27.968 Thread 0x00000000183f0800 Uncommon trap: reason=unstable_if action=reinterpret pc=0x0000000003d01e08 method=com.android.tools.r8.ir.optimize.CodeRewriter.a(Lcom/android/tools/r8/ir/code/Instruction;ZLcom/android/tools/r8/ir/code/Instruction;)Z @ 24
Event: 30.768 Thread 0x000000001b6bd000 Uncommon trap: reason=null_check action=make_not_entrant pc=0x0000000003e6bacc method=com.android.tools.r8.graph.DexString.b(Ljava/lang/Object;)Z @ 1
Event: 31.330 Thread 0x000000001b6bd000 Uncommon trap: reason=unstable_if action=reinterpret pc=0x00000000046d090c method=com.android.tools.r8.ir.optimize.PeepholeOptimizer.a(Lcom/android/tools/r8/ir/code/IRCode;Lcom/android/tools/r8/ir/regalloc/RegisterAllocator;I)V @ 916

Classes redefined (0 events):
No events

Internal exceptions (10 events):
Event: 27.616 Thread 0x000000001b6c0800 Exception <a 'sun/nio/fs/WindowsException'> (0x00000000ed35ec78) thrown at [D:\src\AOSP-openjdk-cygwin\jdk8u\hotspot\src\share\vm\prims\jni.cpp, line 710]
Event: 30.216 Thread 0x000000001b6c1800 Exception <a 'sun/nio/fs/WindowsException'> (0x00000000e8d89128) thrown at [D:\src\AOSP-openjdk-cygwin\jdk8u\hotspot\src\share\vm\prims\jni.cpp, line 710]
Event: 30.768 Thread 0x000000001b6bd000 Implicit null exception at 0x0000000003e6b94f to 0x0000000003e6babd
Event: 30.885 Thread 0x000000001b6bd000 Exception <a 'sun/nio/fs/WindowsException'> (0x00000000ed3c2900) thrown at [D:\src\AOSP-openjdk-cygwin\jdk8u\hotspot\src\share\vm\prims\jni.cpp, line 710]
Event: 31.025 Thread 0x000000001b6c1800 Exception <a 'sun/nio/fs/WindowsException'> (0x00000000eeb13e78) thrown at [D:\src\AOSP-openjdk-cygwin\jdk8u\hotspot\src\share\vm\prims\jni.cpp, line 710]
Event: 31.098 Thread 0x000000001b6bd000 Exception <a 'sun/nio/fs/WindowsException'> (0x00000000ef96c5e8) thrown at [D:\src\AOSP-openjdk-cygwin\jdk8u\hotspot\src\share\vm\prims\jni.cpp, line 710]
Event: 31.360 Thread 0x000000001b6bd000 Exception <a 'sun/nio/fs/WindowsException'> (0x00000000e2800140) thrown at [D:\src\AOSP-openjdk-cygwin\jdk8u\hotspot\src\share\vm\prims\jni.cpp, line 710]
Event: 31.904 Thread 0x000000001b6bd000 Exception <a 'sun/nio/fs/WindowsException'> (0x00000000e593f190) thrown at [D:\src\AOSP-openjdk-cygwin\jdk8u\hotspot\src\share\vm\prims\jni.cpp, line 710]
Event: 32.236 Thread 0x000000001b6bd000 Exception <a 'sun/nio/fs/WindowsException'> (0x00000000e8702918) thrown at [D:\src\AOSP-openjdk-cygwin\jdk8u\hotspot\src\share\vm\prims\jni.cpp, line 710]
Event: 32.609 Thread 0x000000001b6c1800 Exception <a 'sun/nio/fs/WindowsException'> (0x00000000ebeacae0) thrown at [D:\src\AOSP-openjdk-cygwin\jdk8u\hotspot\src\share\vm\prims\jni.cpp, line 710]

Events (10 events):
Event: 34.678 Thread 0x000000001b6c0800 DEOPT PACKING pc=0x0000000003d59924 sp=0x0000000021e6ac30
Event: 34.678 Thread 0x000000001b6c0800 DEOPT UNPACKING pc=0x00000000025c75d0 sp=0x0000000021e6aa18 mode 0
Event: 34.774 Thread 0x00000000183f0800 DEOPT PACKING pc=0x0000000003d59924 sp=0x000000001a588560
Event: 34.774 Thread 0x00000000183f0800 DEOPT UNPACKING pc=0x00000000025c75d0 sp=0x000000001a588348 mode 0
Event: 34.917 Thread 0x000000001b6c0800 DEOPT PACKING pc=0x0000000003d59924 sp=0x0000000021e6ac30
Event: 34.917 Thread 0x000000001b6c0800 DEOPT UNPACKING pc=0x00000000025c75d0 sp=0x0000000021e6aa18 mode 0
Event: 34.925 Thread 0x00000000183f0800 DEOPT PACKING pc=0x0000000002f1b114 sp=0x000000001a587b70
Event: 34.925 Thread 0x00000000183f0800 DEOPT UNPACKING pc=0x00000000025c75d0 sp=0x000000001a587888 mode 0
Event: 34.928 Thread 0x00000000183f0800 DEOPT PACKING pc=0x0000000003e1ac8e sp=0x000000001a588180
Event: 34.928 Thread 0x00000000183f0800 DEOPT UNPACKING pc=0x00000000025c75d0 sp=0x000000001a588190 mode 0


Dynamic libraries:
0x00007ff62c020000 - 0x00007ff62c051000 	C:\Program Files\Android\Android Studio\jre\bin\java.exe
0x00007ffe81100000 - 0x00007ffe812f0000 	C:\Windows\SYSTEM32\ntdll.dll
0x00007ffe80e60000 - 0x00007ffe80f12000 	C:\Windows\System32\KERNEL32.DLL
0x00007ffe7eac0000 - 0x00007ffe7ed63000 	C:\Windows\System32\KERNELBASE.dll
0x00007ffe801c0000 - 0x00007ffe80263000 	C:\Windows\System32\ADVAPI32.dll
0x00007ffe7f840000 - 0x00007ffe7f8de000 	C:\Windows\System32\msvcrt.dll
0x00007ffe7f640000 - 0x00007ffe7f6d7000 	C:\Windows\System32\sechost.dll
0x00007ffe80d40000 - 0x00007ffe80e60000 	C:\Windows\System32\RPCRT4.dll
0x00007ffe7f8e0000 - 0x00007ffe7fa74000 	C:\Windows\System32\USER32.dll
0x00007ffe7ea90000 - 0x00007ffe7eab1000 	C:\Windows\System32\win32u.dll
0x00007ffe80190000 - 0x00007ffe801b6000 	C:\Windows\System32\GDI32.dll
0x00007ffe7ee10000 - 0x00007ffe7efa4000 	C:\Windows\System32\gdi32full.dll
0x00007ffe7e9f0000 - 0x00007ffe7ea8e000 	C:\Windows\System32\msvcp_win.dll
0x00007ffe7e870000 - 0x00007ffe7e96a000 	C:\Windows\System32\ucrtbase.dll
0x00007ffe6b040000 - 0x00007ffe6b2c5000 	C:\Windows\WinSxS\amd64_microsoft.windows.common-controls_6595b64144ccf1df_6.0.18362.10024_none_25aeef8e19924af1\COMCTL32.dll
0x00007ffe7f2a0000 - 0x00007ffe7f5d6000 	C:\Windows\System32\combase.dll
0x00007ffe7e970000 - 0x00007ffe7e9f0000 	C:\Windows\System32\bcryptPrimitives.dll
0x00007ffe80fe0000 - 0x00007ffe8100e000 	C:\Windows\System32\IMM32.DLL
0x00000000561c0000 - 0x0000000056292000 	C:\Program Files\Android\Android Studio\jre\jre\bin\msvcr100.dll
0x0000000056870000 - 0x00000000570b6000 	C:\Program Files\Android\Android Studio\jre\jre\bin\server\jvm.dll
0x00007ffe80170000 - 0x00007ffe80178000 	C:\Windows\System32\PSAPI.DLL
0x00007ffe7cad0000 - 0x00007ffe7cad9000 	C:\Windows\SYSTEM32\WSOCK32.dll
0x00007ffe79e50000 - 0x00007ffe79e74000 	C:\Windows\SYSTEM32\WINMM.dll
0x00007ffe806f0000 - 0x00007ffe8075f000 	C:\Windows\System32\WS2_32.dll
0x00007ffe7b600000 - 0x00007ffe7b60a000 	C:\Windows\SYSTEM32\VERSION.dll
0x00007ffe79e20000 - 0x00007ffe79e4d000 	C:\Windows\SYSTEM32\WINMMBASE.dll
0x00007ffe7edc0000 - 0x00007ffe7ee0a000 	C:\Windows\System32\cfgmgr32.dll
0x00007ffe6f480000 - 0x00007ffe6f48f000 	C:\Program Files\Android\Android Studio\jre\jre\bin\verify.dll
0x00007ffe4e260000 - 0x00007ffe4e289000 	C:\Program Files\Android\Android Studio\jre\jre\bin\java.dll
0x00007ffe6c540000 - 0x00007ffe6c556000 	C:\Program Files\Android\Android Studio\jre\jre\bin\zip.dll
0x00007ffe7fa80000 - 0x00007ffe80165000 	C:\Windows\System32\SHELL32.dll
0x00007ffe81010000 - 0x00007ffe810b9000 	C:\Windows\System32\shcore.dll
0x00007ffe7e090000 - 0x00007ffe7e80f000 	C:\Windows\System32\windows.storage.dll
0x00007ffe7e020000 - 0x00007ffe7e03f000 	C:\Windows\System32\profapi.dll
0x00007ffe7e040000 - 0x00007ffe7e08a000 	C:\Windows\System32\powrprof.dll
0x00007ffe7dfd0000 - 0x00007ffe7dfe0000 	C:\Windows\System32\UMPDC.dll
0x00007ffe80f80000 - 0x00007ffe80fd2000 	C:\Windows\System32\shlwapi.dll
0x00007ffe7dfe0000 - 0x00007ffe7dff1000 	C:\Windows\System32\kernel.appcore.dll
0x00007ffe7ed70000 - 0x00007ffe7ed87000 	C:\Windows\System32\cryptsp.dll
0x00007ffe4de40000 - 0x00007ffe4de5a000 	C:\Program Files\Android\Android Studio\jre\jre\bin\net.dll
0x00007ffe7d840000 - 0x00007ffe7d8a7000 	C:\Windows\system32\mswsock.dll
0x00007ffe4de20000 - 0x00007ffe4de31000 	C:\Program Files\Android\Android Studio\jre\jre\bin\nio.dll
0x00007ffe59180000 - 0x00007ffe591a6000 	C:\Users\ASUS\.gradle\native\29\windows-amd64\native-platform.dll
0x00007ffe6eae0000 - 0x00007ffe6eaed000 	C:\Program Files\Android\Android Studio\jre\jre\bin\management.dll
0x00007ffe7d3b0000 - 0x00007ffe7d3e3000 	C:\Windows\system32\rsaenh.dll
0x00007ffe7ed90000 - 0x00007ffe7edb6000 	C:\Windows\System32\bcrypt.dll
0x00007ffe7def0000 - 0x00007ffe7df15000 	C:\Windows\SYSTEM32\USERENV.dll
0x00007ffe7da10000 - 0x00007ffe7da1c000 	C:\Windows\SYSTEM32\CRYPTBASE.dll
0x00007ffe7d550000 - 0x00007ffe7d58a000 	C:\Windows\SYSTEM32\IPHLPAPI.DLL
0x00007ffe806e0000 - 0x00007ffe806e8000 	C:\Windows\System32\NSI.dll
0x00007ffe70b70000 - 0x00007ffe70b86000 	C:\Windows\SYSTEM32\dhcpcsvc6.DLL
0x00007ffe73820000 - 0x00007ffe7383c000 	C:\Windows\SYSTEM32\dhcpcsvc.DLL
0x00007ffe7d590000 - 0x00007ffe7d65a000 	C:\Windows\SYSTEM32\DNSAPI.dll

VM Arguments:
jvm_args: -Xmx1536m -Dfile.encoding=windows-1252 -Duser.country=US -Duser.language=en -Duser.variant 
java_command: org.gradle.launcher.daemon.bootstrap.GradleDaemon 5.4.1
java_class_path (initial): C:\Users\ASUS\.gradle\wrapper\dists\gradle-5.4.1-all\3221gyojl5jsh0helicew7rwx\gradle-5.4.1\lib\gradle-launcher-5.4.1.jar
Launcher Type: SUN_STANDARD

Environment Variables:
PATH=C:\Windows\system32;C:\Windows;C:\Windows\System32\Wbem;C:\Windows\System32\WindowsPowerShell\v1.0\;C:\Windows\System32\OpenSSH\;C:\Program Files\Intel\WiFi\bin\;C:\Program Files\Common Files\Intel\WirelessCommon\;C:\Users\ASUS\AppData\Local\Microsoft\WindowsApps;C:\Program Files\Intel\WiFi\bin\;C:\Program Files\Common Files\Intel\WirelessCommon\
USERNAME=ASUS
OS=Windows_NT
PROCESSOR_IDENTIFIER=Intel64 Family 6 Model 78 Stepping 3, GenuineIntel



---------------  S Y S T E M  ---------------

OS: Windows 10.0 , 64 bit Build 18362 (10.0.18362.10022)

CPU:total 4 (initial active 4) (2 cores per cpu, 2 threads per core) family 6 model 78 stepping 3, cmov, cx8, fxsr, mmx, sse, sse2, sse3, ssse3, sse4.1, sse4.2, popcnt, avx, avx2, aes, clmul, erms, 3dnowpref, lzcnt, ht, tsc, tscinvbit, bmi1, bmi2, adx

Memory: 4k page, physical 8249368k(941652k free), swap 23795988k(5144k free)

vm_info: OpenJDK 64-Bit Server VM (25.202-b03) for windows-amd64 JRE (1.8.0_202-release-1483-b03), built by "builder" with MS VC++ 10.0 (VS2010)

time: Mon Oct 21 12:05:16 2019
timezone: Pacific Daylight Time
elapsed time: 35 seconds (0d 0h 0m 35s)

